2024-04-21T01:51:23.060+01:00  INFO 14816 --- [main] c.c.s.c.service.UserServiceImplTest      : Starting UserServiceImplTest using Java 18.0.1.1 with PID 14816 (started by user in C:\Users\user\IdeaProjects\salesManagementSystem)
2024-04-21T01:51:23.063+01:00 DEBUG 14816 --- [main] c.c.s.c.service.UserServiceImplTest      : Running with Spring Boot v3.0.6, Spring v6.0.8
2024-04-21T01:51:23.064+01:00  INFO 14816 --- [main] c.c.s.c.service.UserServiceImplTest      : No active profile set, falling back to 1 default profile: "default"
2024-04-21T01:51:25.456+01:00  INFO 14816 --- [main] .s.d.r.c.RepositoryConfigurationDelegate : Multiple Spring Data modules found, entering strict repository configuration mode
2024-04-21T01:51:25.461+01:00  INFO 14816 --- [main] .s.d.r.c.RepositoryConfigurationDelegate : Bootstrapping Spring Data JDBC repositories in DEFAULT mode.
2024-04-21T01:51:25.586+01:00  INFO 14816 --- [main] .RepositoryConfigurationExtensionSupport : Spring Data JDBC - Could not safely identify store assignment for repository candidate interface com.challengetwo.salesmanagementsystem.clientmanagement.otptoken.OtpTokenRepository; If you want this repository to be a JDBC repository, consider annotating your entities with one of these annotations: org.springframework.data.relational.core.mapping.Table.
2024-04-21T01:51:25.591+01:00  INFO 14816 --- [main] .RepositoryConfigurationExtensionSupport : Spring Data JDBC - Could not safely identify store assignment for repository candidate interface com.challengetwo.salesmanagementsystem.clientmanagement.repository.SellerRepository; If you want this repository to be a JDBC repository, consider annotating your entities with one of these annotations: org.springframework.data.relational.core.mapping.Table.
2024-04-21T01:51:25.595+01:00  INFO 14816 --- [main] .RepositoryConfigurationExtensionSupport : Spring Data JDBC - Could not safely identify store assignment for repository candidate interface com.challengetwo.salesmanagementsystem.clientmanagement.repository.UserRepository; If you want this repository to be a JDBC repository, consider annotating your entities with one of these annotations: org.springframework.data.relational.core.mapping.Table.
2024-04-21T01:51:25.600+01:00  INFO 14816 --- [main] .RepositoryConfigurationExtensionSupport : Spring Data JDBC - Could not safely identify store assignment for repository candidate interface com.challengetwo.salesmanagementsystem.productmanagement.repository.ProductRepository; If you want this repository to be a JDBC repository, consider annotating your entities with one of these annotations: org.springframework.data.relational.core.mapping.Table.
2024-04-21T01:51:25.605+01:00  INFO 14816 --- [main] .RepositoryConfigurationExtensionSupport : Spring Data JDBC - Could not safely identify store assignment for repository candidate interface com.challengetwo.salesmanagementsystem.salesmanagement.repository.SalesRepository; If you want this repository to be a JDBC repository, consider annotating your entities with one of these annotations: org.springframework.data.relational.core.mapping.Table.
2024-04-21T01:51:25.610+01:00  INFO 14816 --- [main] .RepositoryConfigurationExtensionSupport : Spring Data JDBC - Could not safely identify store assignment for repository candidate interface com.challengetwo.salesmanagementsystem.salesmanagement.repository.TransactionRepository; If you want this repository to be a JDBC repository, consider annotating your entities with one of these annotations: org.springframework.data.relational.core.mapping.Table.
2024-04-21T01:51:25.611+01:00  INFO 14816 --- [main] .s.d.r.c.RepositoryConfigurationDelegate : Finished Spring Data repository scanning in 131 ms. Found 0 JDBC repository interfaces.
2024-04-21T01:51:25.636+01:00  INFO 14816 --- [main] .s.d.r.c.RepositoryConfigurationDelegate : Multiple Spring Data modules found, entering strict repository configuration mode
2024-04-21T01:51:25.638+01:00  INFO 14816 --- [main] .s.d.r.c.RepositoryConfigurationDelegate : Bootstrapping Spring Data JPA repositories in DEFAULT mode.
2024-04-21T01:51:25.779+01:00  INFO 14816 --- [main] .s.d.r.c.RepositoryConfigurationDelegate : Finished Spring Data repository scanning in 130 ms. Found 6 JPA repository interfaces.
2024-04-21T01:51:27.260+01:00  INFO 14816 --- [main] o.hibernate.jpa.internal.util.LogHelper  : HHH000204: Processing PersistenceUnitInfo [name: default]
2024-04-21T01:51:27.393+01:00  INFO 14816 --- [main] org.hibernate.Version                    : HHH000412: Hibernate ORM core version 6.1.7.Final
2024-04-21T01:51:28.242+01:00  INFO 14816 --- [main] com.zaxxer.hikari.HikariDataSource       : HikariPool-1 - Starting...
2024-04-21T01:51:29.031+01:00  INFO 14816 --- [main] com.zaxxer.hikari.pool.HikariPool        : HikariPool-1 - Added connection com.mysql.cj.jdbc.ConnectionImpl@298e002d
2024-04-21T01:51:29.034+01:00  INFO 14816 --- [main] com.zaxxer.hikari.HikariDataSource       : HikariPool-1 - Start completed.
2024-04-21T01:51:29.070+01:00  INFO 14816 --- [main] SQL dialect                              : HHH000400: Using dialect: org.hibernate.dialect.MySQL8Dialect
2024-04-21T01:51:29.073+01:00  WARN 14816 --- [main] org.hibernate.orm.deprecation            : HHH90000026: MySQL8Dialect has been deprecated; use org.hibernate.dialect.MySQLDialect instead
2024-04-21T01:51:31.617+01:00  INFO 14816 --- [main] o.h.e.t.j.p.i.JtaPlatformInitiator       : HHH000490: Using JtaPlatform implementation: [org.hibernate.engine.transaction.jta.platform.internal.NoJtaPlatform]
2024-04-21T01:51:31.641+01:00  INFO 14816 --- [main] j.LocalContainerEntityManagerFactoryBean : Initialized JPA EntityManagerFactory for persistence unit 'default'
2024-04-21T01:51:34.256+01:00  WARN 14816 --- [main] JpaBaseConfiguration$JpaWebConfiguration : spring.jpa.open-in-view is enabled by default. Therefore, database queries may be performed during view rendering. Explicitly configure spring.jpa.open-in-view to disable this warning
2024-04-21T01:51:34.874+01:00  INFO 14816 --- [main] o.s.s.web.DefaultSecurityFilterChain     : Will secure any request with [org.springframework.security.web.session.DisableEncodeUrlFilter@4dd56393, org.springframework.security.web.context.request.async.WebAsyncManagerIntegrationFilter@7793eaca, org.springframework.security.web.context.SecurityContextHolderFilter@3c511385, org.springframework.security.web.header.HeaderWriterFilter@5ed4c87, org.springframework.security.web.authentication.logout.LogoutFilter@7bb2b910, com.challengetwo.salesmanagementsystem.security.JwtFilter@2f59cb6f, org.springframework.security.web.savedrequest.RequestCacheAwareFilter@7da4c956, org.springframework.security.web.servletapi.SecurityContextHolderAwareRequestFilter@7c5c53e5, org.springframework.security.web.authentication.AnonymousAuthenticationFilter@785ba20d, org.springframework.security.web.session.SessionManagementFilter@744d0cfb, org.springframework.security.web.access.ExceptionTranslationFilter@792bf78a, org.springframework.security.web.access.intercept.AuthorizationFilter@7a4ea134]
2024-04-21T01:51:35.649+01:00  INFO 14816 --- [main] c.c.s.c.service.UserServiceImplTest      : Started UserServiceImplTest in 13.392 seconds (process running for 15.838)
2024-04-21T01:51:36.365+01:00  INFO 14816 --- [main] c.c.s.loggingandauditing.LoggingAspect   : Method invoked : ClassName = class com.challengetwo.salesmanagementsystem.clientmanagement.service.UserServiceImpl: MethodName = register: methodArguments = [UserRegistrationRequest(email=glenmurr@gmail.com, password=$2a$10$/ncPL4vviJ7Jk9aSoZqngu8OadYOY1O7VqZZYjmoSZ3Q1xoexEY72, firstName=Glen, lastName=Murray)]
2024-04-21T01:52:06.662+01:00  INFO 14816 --- [main] c.c.s.loggingandauditing.LoggingAspect   : Method invoked : ClassName = class com.challengetwo.salesmanagementsystem.clientmanagement.service.UserServiceImpl: MethodName = register: methodResponse = Token successfully sent to your email. Please check.
2024-04-21T01:52:06.704+01:00  INFO 14816 --- [SpringApplicationShutdownHook] j.LocalContainerEntityManagerFactoryBean : Closing JPA EntityManagerFactory for persistence unit 'default'
2024-04-21T01:52:06.709+01:00  INFO 14816 --- [SpringApplicationShutdownHook] com.zaxxer.hikari.HikariDataSource       : HikariPool-1 - Shutdown initiated...
2024-04-21T01:52:06.725+01:00  INFO 14816 --- [SpringApplicationShutdownHook] com.zaxxer.hikari.HikariDataSource       : HikariPool-1 - Shutdown completed.
2024-04-21T01:54:00.977+01:00  INFO 2600 --- [main] c.c.s.c.service.UserServiceImplTest      : Starting UserServiceImplTest using Java 18.0.1.1 with PID 2600 (started by user in C:\Users\user\IdeaProjects\salesManagementSystem)
2024-04-21T01:54:00.980+01:00 DEBUG 2600 --- [main] c.c.s.c.service.UserServiceImplTest      : Running with Spring Boot v3.0.6, Spring v6.0.8
2024-04-21T01:54:00.981+01:00  INFO 2600 --- [main] c.c.s.c.service.UserServiceImplTest      : No active profile set, falling back to 1 default profile: "default"
2024-04-21T01:54:03.532+01:00  INFO 2600 --- [main] .s.d.r.c.RepositoryConfigurationDelegate : Multiple Spring Data modules found, entering strict repository configuration mode
2024-04-21T01:54:03.536+01:00  INFO 2600 --- [main] .s.d.r.c.RepositoryConfigurationDelegate : Bootstrapping Spring Data JDBC repositories in DEFAULT mode.
2024-04-21T01:54:03.637+01:00  INFO 2600 --- [main] .RepositoryConfigurationExtensionSupport : Spring Data JDBC - Could not safely identify store assignment for repository candidate interface com.challengetwo.salesmanagementsystem.clientmanagement.otptoken.OtpTokenRepository; If you want this repository to be a JDBC repository, consider annotating your entities with one of these annotations: org.springframework.data.relational.core.mapping.Table.
2024-04-21T01:54:03.640+01:00  INFO 2600 --- [main] .RepositoryConfigurationExtensionSupport : Spring Data JDBC - Could not safely identify store assignment for repository candidate interface com.challengetwo.salesmanagementsystem.clientmanagement.repository.SellerRepository; If you want this repository to be a JDBC repository, consider annotating your entities with one of these annotations: org.springframework.data.relational.core.mapping.Table.
2024-04-21T01:54:03.645+01:00  INFO 2600 --- [main] .RepositoryConfigurationExtensionSupport : Spring Data JDBC - Could not safely identify store assignment for repository candidate interface com.challengetwo.salesmanagementsystem.clientmanagement.repository.UserRepository; If you want this repository to be a JDBC repository, consider annotating your entities with one of these annotations: org.springframework.data.relational.core.mapping.Table.
2024-04-21T01:54:03.649+01:00  INFO 2600 --- [main] .RepositoryConfigurationExtensionSupport : Spring Data JDBC - Could not safely identify store assignment for repository candidate interface com.challengetwo.salesmanagementsystem.productmanagement.repository.ProductRepository; If you want this repository to be a JDBC repository, consider annotating your entities with one of these annotations: org.springframework.data.relational.core.mapping.Table.
2024-04-21T01:54:03.653+01:00  INFO 2600 --- [main] .RepositoryConfigurationExtensionSupport : Spring Data JDBC - Could not safely identify store assignment for repository candidate interface com.challengetwo.salesmanagementsystem.salesmanagement.repository.SalesRepository; If you want this repository to be a JDBC repository, consider annotating your entities with one of these annotations: org.springframework.data.relational.core.mapping.Table.
2024-04-21T01:54:03.656+01:00  INFO 2600 --- [main] .RepositoryConfigurationExtensionSupport : Spring Data JDBC - Could not safely identify store assignment for repository candidate interface com.challengetwo.salesmanagementsystem.salesmanagement.repository.TransactionRepository; If you want this repository to be a JDBC repository, consider annotating your entities with one of these annotations: org.springframework.data.relational.core.mapping.Table.
2024-04-21T01:54:03.658+01:00  INFO 2600 --- [main] .s.d.r.c.RepositoryConfigurationDelegate : Finished Spring Data repository scanning in 111 ms. Found 0 JDBC repository interfaces.
2024-04-21T01:54:03.684+01:00  INFO 2600 --- [main] .s.d.r.c.RepositoryConfigurationDelegate : Multiple Spring Data modules found, entering strict repository configuration mode
2024-04-21T01:54:03.687+01:00  INFO 2600 --- [main] .s.d.r.c.RepositoryConfigurationDelegate : Bootstrapping Spring Data JPA repositories in DEFAULT mode.
2024-04-21T01:54:03.839+01:00  INFO 2600 --- [main] .s.d.r.c.RepositoryConfigurationDelegate : Finished Spring Data repository scanning in 139 ms. Found 6 JPA repository interfaces.
2024-04-21T01:54:05.680+01:00  INFO 2600 --- [main] o.hibernate.jpa.internal.util.LogHelper  : HHH000204: Processing PersistenceUnitInfo [name: default]
2024-04-21T01:54:06.206+01:00  INFO 2600 --- [main] org.hibernate.Version                    : HHH000412: Hibernate ORM core version 6.1.7.Final
2024-04-21T01:54:07.195+01:00  INFO 2600 --- [main] com.zaxxer.hikari.HikariDataSource       : HikariPool-1 - Starting...
2024-04-21T01:54:08.118+01:00  INFO 2600 --- [main] com.zaxxer.hikari.pool.HikariPool        : HikariPool-1 - Added connection com.mysql.cj.jdbc.ConnectionImpl@224e6e88
2024-04-21T01:54:08.123+01:00  INFO 2600 --- [main] com.zaxxer.hikari.HikariDataSource       : HikariPool-1 - Start completed.
2024-04-21T01:54:08.171+01:00  INFO 2600 --- [main] SQL dialect                              : HHH000400: Using dialect: org.hibernate.dialect.MySQL8Dialect
2024-04-21T01:54:08.176+01:00  WARN 2600 --- [main] org.hibernate.orm.deprecation            : HHH90000026: MySQL8Dialect has been deprecated; use org.hibernate.dialect.MySQLDialect instead
2024-04-21T01:54:10.845+01:00  INFO 2600 --- [main] o.h.e.t.j.p.i.JtaPlatformInitiator       : HHH000490: Using JtaPlatform implementation: [org.hibernate.engine.transaction.jta.platform.internal.NoJtaPlatform]
2024-04-21T01:54:10.870+01:00  INFO 2600 --- [main] j.LocalContainerEntityManagerFactoryBean : Initialized JPA EntityManagerFactory for persistence unit 'default'
2024-04-21T01:54:13.061+01:00  WARN 2600 --- [main] JpaBaseConfiguration$JpaWebConfiguration : spring.jpa.open-in-view is enabled by default. Therefore, database queries may be performed during view rendering. Explicitly configure spring.jpa.open-in-view to disable this warning
2024-04-21T01:54:13.607+01:00  INFO 2600 --- [main] o.s.s.web.DefaultSecurityFilterChain     : Will secure any request with [org.springframework.security.web.session.DisableEncodeUrlFilter@50d02417, org.springframework.security.web.context.request.async.WebAsyncManagerIntegrationFilter@53425450, org.springframework.security.web.context.SecurityContextHolderFilter@492d0748, org.springframework.security.web.header.HeaderWriterFilter@434c179e, org.springframework.security.web.authentication.logout.LogoutFilter@34d08905, com.challengetwo.salesmanagementsystem.security.JwtFilter@2c3f81ef, org.springframework.security.web.savedrequest.RequestCacheAwareFilter@3e0eb917, org.springframework.security.web.servletapi.SecurityContextHolderAwareRequestFilter@589dac96, org.springframework.security.web.authentication.AnonymousAuthenticationFilter@314e240c, org.springframework.security.web.session.SessionManagementFilter@712a5de4, org.springframework.security.web.access.ExceptionTranslationFilter@428169d, org.springframework.security.web.access.intercept.AuthorizationFilter@1e4f8430]
2024-04-21T01:54:14.349+01:00  INFO 2600 --- [main] c.c.s.c.service.UserServiceImplTest      : Started UserServiceImplTest in 14.364 seconds (process running for 17.305)
2024-04-21T01:54:14.706+01:00  INFO 2600 --- [main] c.c.s.loggingandauditing.LoggingAspect   : Method invoked : ClassName = class com.challengetwo.salesmanagementsystem.clientmanagement.service.UserServiceImpl: MethodName = createAccount: methodArguments = [glenmurr@gmail.com, VerifyOtpRequest(token=8879)]
2024-04-21T01:54:14.785+01:00  INFO 2600 --- [main] c.c.s.loggingandauditing.LoggingAspect   : Method invoked : ClassName = class com.challengetwo.salesmanagementsystem.clientmanagement.service.UserServiceImpl: MethodName = createAccount: methodResponse = Response(message=User registration successful)
2024-04-21T01:54:14.821+01:00  INFO 2600 --- [SpringApplicationShutdownHook] j.LocalContainerEntityManagerFactoryBean : Closing JPA EntityManagerFactory for persistence unit 'default'
2024-04-21T01:54:14.825+01:00  INFO 2600 --- [SpringApplicationShutdownHook] com.zaxxer.hikari.HikariDataSource       : HikariPool-1 - Shutdown initiated...
2024-04-21T01:54:14.838+01:00  INFO 2600 --- [SpringApplicationShutdownHook] com.zaxxer.hikari.HikariDataSource       : HikariPool-1 - Shutdown completed.
2024-04-21T02:01:02.262+01:00  INFO 5568 --- [main] c.c.s.p.service.ProductServiceImplTest   : Starting ProductServiceImplTest using Java 18.0.1.1 with PID 5568 (started by user in C:\Users\user\IdeaProjects\salesManagementSystem)
2024-04-21T02:01:02.265+01:00 DEBUG 5568 --- [main] c.c.s.p.service.ProductServiceImplTest   : Running with Spring Boot v3.0.6, Spring v6.0.8
2024-04-21T02:01:02.266+01:00  INFO 5568 --- [main] c.c.s.p.service.ProductServiceImplTest   : No active profile set, falling back to 1 default profile: "default"
2024-04-21T02:01:04.434+01:00  INFO 5568 --- [main] .s.d.r.c.RepositoryConfigurationDelegate : Multiple Spring Data modules found, entering strict repository configuration mode
2024-04-21T02:01:04.441+01:00  INFO 5568 --- [main] .s.d.r.c.RepositoryConfigurationDelegate : Bootstrapping Spring Data JDBC repositories in DEFAULT mode.
2024-04-21T02:01:04.565+01:00  INFO 5568 --- [main] .RepositoryConfigurationExtensionSupport : Spring Data JDBC - Could not safely identify store assignment for repository candidate interface com.challengetwo.salesmanagementsystem.clientmanagement.otptoken.OtpTokenRepository; If you want this repository to be a JDBC repository, consider annotating your entities with one of these annotations: org.springframework.data.relational.core.mapping.Table.
2024-04-21T02:01:04.570+01:00  INFO 5568 --- [main] .RepositoryConfigurationExtensionSupport : Spring Data JDBC - Could not safely identify store assignment for repository candidate interface com.challengetwo.salesmanagementsystem.clientmanagement.repository.SellerRepository; If you want this repository to be a JDBC repository, consider annotating your entities with one of these annotations: org.springframework.data.relational.core.mapping.Table.
2024-04-21T02:01:04.575+01:00  INFO 5568 --- [main] .RepositoryConfigurationExtensionSupport : Spring Data JDBC - Could not safely identify store assignment for repository candidate interface com.challengetwo.salesmanagementsystem.clientmanagement.repository.UserRepository; If you want this repository to be a JDBC repository, consider annotating your entities with one of these annotations: org.springframework.data.relational.core.mapping.Table.
2024-04-21T02:01:04.602+01:00  INFO 5568 --- [main] .RepositoryConfigurationExtensionSupport : Spring Data JDBC - Could not safely identify store assignment for repository candidate interface com.challengetwo.salesmanagementsystem.productmanagement.repository.ProductRepository; If you want this repository to be a JDBC repository, consider annotating your entities with one of these annotations: org.springframework.data.relational.core.mapping.Table.
2024-04-21T02:01:04.606+01:00  INFO 5568 --- [main] .RepositoryConfigurationExtensionSupport : Spring Data JDBC - Could not safely identify store assignment for repository candidate interface com.challengetwo.salesmanagementsystem.salesmanagement.repository.SalesRepository; If you want this repository to be a JDBC repository, consider annotating your entities with one of these annotations: org.springframework.data.relational.core.mapping.Table.
2024-04-21T02:01:04.611+01:00  INFO 5568 --- [main] .RepositoryConfigurationExtensionSupport : Spring Data JDBC - Could not safely identify store assignment for repository candidate interface com.challengetwo.salesmanagementsystem.salesmanagement.repository.TransactionRepository; If you want this repository to be a JDBC repository, consider annotating your entities with one of these annotations: org.springframework.data.relational.core.mapping.Table.
2024-04-21T02:01:04.614+01:00  INFO 5568 --- [main] .s.d.r.c.RepositoryConfigurationDelegate : Finished Spring Data repository scanning in 158 ms. Found 0 JDBC repository interfaces.
2024-04-21T02:01:04.652+01:00  INFO 5568 --- [main] .s.d.r.c.RepositoryConfigurationDelegate : Multiple Spring Data modules found, entering strict repository configuration mode
2024-04-21T02:01:04.655+01:00  INFO 5568 --- [main] .s.d.r.c.RepositoryConfigurationDelegate : Bootstrapping Spring Data JPA repositories in DEFAULT mode.
2024-04-21T02:01:04.853+01:00  INFO 5568 --- [main] .s.d.r.c.RepositoryConfigurationDelegate : Finished Spring Data repository scanning in 185 ms. Found 6 JPA repository interfaces.
2024-04-21T02:01:06.724+01:00  INFO 5568 --- [main] o.hibernate.jpa.internal.util.LogHelper  : HHH000204: Processing PersistenceUnitInfo [name: default]
2024-04-21T02:01:06.884+01:00  INFO 5568 --- [main] org.hibernate.Version                    : HHH000412: Hibernate ORM core version 6.1.7.Final
2024-04-21T02:01:07.835+01:00  INFO 5568 --- [main] com.zaxxer.hikari.HikariDataSource       : HikariPool-1 - Starting...
2024-04-21T02:01:08.640+01:00  INFO 5568 --- [main] com.zaxxer.hikari.pool.HikariPool        : HikariPool-1 - Added connection com.mysql.cj.jdbc.ConnectionImpl@4fa5cc73
2024-04-21T02:01:08.643+01:00  INFO 5568 --- [main] com.zaxxer.hikari.HikariDataSource       : HikariPool-1 - Start completed.
2024-04-21T02:01:08.679+01:00  INFO 5568 --- [main] SQL dialect                              : HHH000400: Using dialect: org.hibernate.dialect.MySQL8Dialect
2024-04-21T02:01:08.682+01:00  WARN 5568 --- [main] org.hibernate.orm.deprecation            : HHH90000026: MySQL8Dialect has been deprecated; use org.hibernate.dialect.MySQLDialect instead
2024-04-21T02:01:11.392+01:00  INFO 5568 --- [main] o.h.e.t.j.p.i.JtaPlatformInitiator       : HHH000490: Using JtaPlatform implementation: [org.hibernate.engine.transaction.jta.platform.internal.NoJtaPlatform]
2024-04-21T02:01:11.410+01:00  INFO 5568 --- [main] j.LocalContainerEntityManagerFactoryBean : Initialized JPA EntityManagerFactory for persistence unit 'default'
2024-04-21T02:01:13.464+01:00  WARN 5568 --- [main] JpaBaseConfiguration$JpaWebConfiguration : spring.jpa.open-in-view is enabled by default. Therefore, database queries may be performed during view rendering. Explicitly configure spring.jpa.open-in-view to disable this warning
2024-04-21T02:01:13.992+01:00  INFO 5568 --- [main] o.s.s.web.DefaultSecurityFilterChain     : Will secure any request with [org.springframework.security.web.session.DisableEncodeUrlFilter@608c03e3, org.springframework.security.web.context.request.async.WebAsyncManagerIntegrationFilter@1979d616, org.springframework.security.web.context.SecurityContextHolderFilter@47b6f580, org.springframework.security.web.header.HeaderWriterFilter@3787eac3, org.springframework.security.web.authentication.logout.LogoutFilter@4dd56393, com.challengetwo.salesmanagementsystem.security.JwtFilter@2a5d9ede, org.springframework.security.web.savedrequest.RequestCacheAwareFilter@34d08905, org.springframework.security.web.servletapi.SecurityContextHolderAwareRequestFilter@57421698, org.springframework.security.web.authentication.AnonymousAuthenticationFilter@6272936b, org.springframework.security.web.session.SessionManagementFilter@c3972d0, org.springframework.security.web.access.ExceptionTranslationFilter@7e7f72, org.springframework.security.web.access.intercept.AuthorizationFilter@63c31664]
2024-04-21T02:01:14.719+01:00  INFO 5568 --- [main] c.c.s.p.service.ProductServiceImplTest   : Started ProductServiceImplTest in 13.312 seconds (process running for 15.897)
2024-04-21T02:01:15.083+01:00  INFO 5568 --- [main] c.c.s.loggingandauditing.LoggingAspect   : Method invoked : ClassName = class com.challengetwo.salesmanagementsystem.productmanagement.service.ProductServiceImpl: MethodName = addProductToInventory: methodArguments = [AddProductRequest(productName=Dell Laptop, unitPrice=210000.0, category=COMPUTING, productQuantity=37)]
2024-04-21T02:01:15.297+01:00  INFO 5568 --- [main] c.c.s.loggingandauditing.LoggingAspect   : Method invoked : ClassName = class com.challengetwo.salesmanagementsystem.productmanagement.service.ProductServiceImpl: MethodName = addProductToInventory: methodResponse = Response(message=Product added successfully to inventory)
2024-04-21T02:01:15.330+01:00  INFO 5568 --- [SpringApplicationShutdownHook] j.LocalContainerEntityManagerFactoryBean : Closing JPA EntityManagerFactory for persistence unit 'default'
2024-04-21T02:01:15.334+01:00  INFO 5568 --- [SpringApplicationShutdownHook] com.zaxxer.hikari.HikariDataSource       : HikariPool-1 - Shutdown initiated...
2024-04-21T02:01:15.352+01:00  INFO 5568 --- [SpringApplicationShutdownHook] com.zaxxer.hikari.HikariDataSource       : HikariPool-1 - Shutdown completed.
2024-04-21T02:02:26.336+01:00  INFO 21572 --- [main] c.c.s.p.service.ProductServiceImplTest   : Starting ProductServiceImplTest using Java 18.0.1.1 with PID 21572 (started by user in C:\Users\user\IdeaProjects\salesManagementSystem)
2024-04-21T02:02:26.338+01:00 DEBUG 21572 --- [main] c.c.s.p.service.ProductServiceImplTest   : Running with Spring Boot v3.0.6, Spring v6.0.8
2024-04-21T02:02:26.340+01:00  INFO 21572 --- [main] c.c.s.p.service.ProductServiceImplTest   : No active profile set, falling back to 1 default profile: "default"
2024-04-21T02:02:28.747+01:00  INFO 21572 --- [main] .s.d.r.c.RepositoryConfigurationDelegate : Multiple Spring Data modules found, entering strict repository configuration mode
2024-04-21T02:02:28.750+01:00  INFO 21572 --- [main] .s.d.r.c.RepositoryConfigurationDelegate : Bootstrapping Spring Data JDBC repositories in DEFAULT mode.
2024-04-21T02:02:28.841+01:00  INFO 21572 --- [main] .RepositoryConfigurationExtensionSupport : Spring Data JDBC - Could not safely identify store assignment for repository candidate interface com.challengetwo.salesmanagementsystem.clientmanagement.otptoken.OtpTokenRepository; If you want this repository to be a JDBC repository, consider annotating your entities with one of these annotations: org.springframework.data.relational.core.mapping.Table.
2024-04-21T02:02:28.845+01:00  INFO 21572 --- [main] .RepositoryConfigurationExtensionSupport : Spring Data JDBC - Could not safely identify store assignment for repository candidate interface com.challengetwo.salesmanagementsystem.clientmanagement.repository.SellerRepository; If you want this repository to be a JDBC repository, consider annotating your entities with one of these annotations: org.springframework.data.relational.core.mapping.Table.
2024-04-21T02:02:28.849+01:00  INFO 21572 --- [main] .RepositoryConfigurationExtensionSupport : Spring Data JDBC - Could not safely identify store assignment for repository candidate interface com.challengetwo.salesmanagementsystem.clientmanagement.repository.UserRepository; If you want this repository to be a JDBC repository, consider annotating your entities with one of these annotations: org.springframework.data.relational.core.mapping.Table.
2024-04-21T02:02:28.853+01:00  INFO 21572 --- [main] .RepositoryConfigurationExtensionSupport : Spring Data JDBC - Could not safely identify store assignment for repository candidate interface com.challengetwo.salesmanagementsystem.productmanagement.repository.ProductRepository; If you want this repository to be a JDBC repository, consider annotating your entities with one of these annotations: org.springframework.data.relational.core.mapping.Table.
2024-04-21T02:02:28.857+01:00  INFO 21572 --- [main] .RepositoryConfigurationExtensionSupport : Spring Data JDBC - Could not safely identify store assignment for repository candidate interface com.challengetwo.salesmanagementsystem.salesmanagement.repository.SalesRepository; If you want this repository to be a JDBC repository, consider annotating your entities with one of these annotations: org.springframework.data.relational.core.mapping.Table.
2024-04-21T02:02:28.861+01:00  INFO 21572 --- [main] .RepositoryConfigurationExtensionSupport : Spring Data JDBC - Could not safely identify store assignment for repository candidate interface com.challengetwo.salesmanagementsystem.salesmanagement.repository.TransactionRepository; If you want this repository to be a JDBC repository, consider annotating your entities with one of these annotations: org.springframework.data.relational.core.mapping.Table.
2024-04-21T02:02:28.863+01:00  INFO 21572 --- [main] .s.d.r.c.RepositoryConfigurationDelegate : Finished Spring Data repository scanning in 104 ms. Found 0 JDBC repository interfaces.
2024-04-21T02:02:28.921+01:00  INFO 21572 --- [main] .s.d.r.c.RepositoryConfigurationDelegate : Multiple Spring Data modules found, entering strict repository configuration mode
2024-04-21T02:02:28.926+01:00  INFO 21572 --- [main] .s.d.r.c.RepositoryConfigurationDelegate : Bootstrapping Spring Data JPA repositories in DEFAULT mode.
2024-04-21T02:02:29.104+01:00  INFO 21572 --- [main] .s.d.r.c.RepositoryConfigurationDelegate : Finished Spring Data repository scanning in 168 ms. Found 6 JPA repository interfaces.
2024-04-21T02:02:30.979+01:00  INFO 21572 --- [main] o.hibernate.jpa.internal.util.LogHelper  : HHH000204: Processing PersistenceUnitInfo [name: default]
2024-04-21T02:02:31.153+01:00  INFO 21572 --- [main] org.hibernate.Version                    : HHH000412: Hibernate ORM core version 6.1.7.Final
2024-04-21T02:02:32.176+01:00  INFO 21572 --- [main] com.zaxxer.hikari.HikariDataSource       : HikariPool-1 - Starting...
2024-04-21T02:02:33.053+01:00  INFO 21572 --- [main] com.zaxxer.hikari.pool.HikariPool        : HikariPool-1 - Added connection com.mysql.cj.jdbc.ConnectionImpl@60f9dc7e
2024-04-21T02:02:33.056+01:00  INFO 21572 --- [main] com.zaxxer.hikari.HikariDataSource       : HikariPool-1 - Start completed.
2024-04-21T02:02:33.098+01:00  INFO 21572 --- [main] SQL dialect                              : HHH000400: Using dialect: org.hibernate.dialect.MySQL8Dialect
2024-04-21T02:02:33.101+01:00  WARN 21572 --- [main] org.hibernate.orm.deprecation            : HHH90000026: MySQL8Dialect has been deprecated; use org.hibernate.dialect.MySQLDialect instead
2024-04-21T02:02:35.961+01:00  INFO 21572 --- [main] o.h.e.t.j.p.i.JtaPlatformInitiator       : HHH000490: Using JtaPlatform implementation: [org.hibernate.engine.transaction.jta.platform.internal.NoJtaPlatform]
2024-04-21T02:02:35.985+01:00  INFO 21572 --- [main] j.LocalContainerEntityManagerFactoryBean : Initialized JPA EntityManagerFactory for persistence unit 'default'
2024-04-21T02:02:38.483+01:00  WARN 21572 --- [main] JpaBaseConfiguration$JpaWebConfiguration : spring.jpa.open-in-view is enabled by default. Therefore, database queries may be performed during view rendering. Explicitly configure spring.jpa.open-in-view to disable this warning
2024-04-21T02:02:39.185+01:00  INFO 21572 --- [main] o.s.s.web.DefaultSecurityFilterChain     : Will secure any request with [org.springframework.security.web.session.DisableEncodeUrlFilter@16dc12cf, org.springframework.security.web.context.request.async.WebAsyncManagerIntegrationFilter@5bbd8118, org.springframework.security.web.context.SecurityContextHolderFilter@50d02417, org.springframework.security.web.header.HeaderWriterFilter@570cef1e, org.springframework.security.web.authentication.logout.LogoutFilter@6272936b, com.challengetwo.salesmanagementsystem.security.JwtFilter@6b3284, org.springframework.security.web.savedrequest.RequestCacheAwareFilter@314e240c, org.springframework.security.web.servletapi.SecurityContextHolderAwareRequestFilter@7222e168, org.springframework.security.web.authentication.AnonymousAuthenticationFilter@74974165, org.springframework.security.web.session.SessionManagementFilter@45c8db36, org.springframework.security.web.access.ExceptionTranslationFilter@7c5c53e5, org.springframework.security.web.access.intercept.AuthorizationFilter@34f37ed4]
2024-04-21T02:02:40.097+01:00  INFO 21572 --- [main] c.c.s.p.service.ProductServiceImplTest   : Started ProductServiceImplTest in 14.73 seconds (process running for 17.335)
2024-04-21T02:02:40.534+01:00  INFO 21572 --- [main] c.c.s.loggingandauditing.LoggingAspect   : Method invoked : ClassName = class com.challengetwo.salesmanagementsystem.productmanagement.service.ProductServiceImpl: MethodName = getProduct: methodArguments = [1]
2024-04-21T02:02:40.557+01:00  INFO 21572 --- [main] c.c.s.loggingandauditing.LoggingAspect   : Method invoked : ClassName = class com.challengetwo.salesmanagementsystem.productmanagement.service.ProductServiceImpl: MethodName = getProduct: methodResponse = Product(id=1, productName=Hisense LED TV, category=ELECTRONICS, unitPrice=137000.0, productQuantity=15, isAvailable=true)
2024-04-21T02:02:40.599+01:00  INFO 21572 --- [SpringApplicationShutdownHook] j.LocalContainerEntityManagerFactoryBean : Closing JPA EntityManagerFactory for persistence unit 'default'
2024-04-21T02:02:40.604+01:00  INFO 21572 --- [SpringApplicationShutdownHook] com.zaxxer.hikari.HikariDataSource       : HikariPool-1 - Shutdown initiated...
2024-04-21T02:02:40.621+01:00  INFO 21572 --- [SpringApplicationShutdownHook] com.zaxxer.hikari.HikariDataSource       : HikariPool-1 - Shutdown completed.
2024-04-21T02:14:03.663+01:00  INFO 25540 --- [main] c.c.s.r.service.ReportServiceImplTest    : Starting ReportServiceImplTest using Java 18.0.1.1 with PID 25540 (started by user in C:\Users\user\IdeaProjects\salesManagementSystem)
2024-04-21T02:14:03.665+01:00 DEBUG 25540 --- [main] c.c.s.r.service.ReportServiceImplTest    : Running with Spring Boot v3.0.6, Spring v6.0.8
2024-04-21T02:14:03.667+01:00  INFO 25540 --- [main] c.c.s.r.service.ReportServiceImplTest    : No active profile set, falling back to 1 default profile: "default"
2024-04-21T02:14:05.919+01:00  INFO 25540 --- [main] .s.d.r.c.RepositoryConfigurationDelegate : Multiple Spring Data modules found, entering strict repository configuration mode
2024-04-21T02:14:05.923+01:00  INFO 25540 --- [main] .s.d.r.c.RepositoryConfigurationDelegate : Bootstrapping Spring Data JDBC repositories in DEFAULT mode.
2024-04-21T02:14:06.031+01:00  INFO 25540 --- [main] .RepositoryConfigurationExtensionSupport : Spring Data JDBC - Could not safely identify store assignment for repository candidate interface com.challengetwo.salesmanagementsystem.clientmanagement.otptoken.OtpTokenRepository; If you want this repository to be a JDBC repository, consider annotating your entities with one of these annotations: org.springframework.data.relational.core.mapping.Table.
2024-04-21T02:14:06.034+01:00  INFO 25540 --- [main] .RepositoryConfigurationExtensionSupport : Spring Data JDBC - Could not safely identify store assignment for repository candidate interface com.challengetwo.salesmanagementsystem.clientmanagement.repository.SellerRepository; If you want this repository to be a JDBC repository, consider annotating your entities with one of these annotations: org.springframework.data.relational.core.mapping.Table.
2024-04-21T02:14:06.038+01:00  INFO 25540 --- [main] .RepositoryConfigurationExtensionSupport : Spring Data JDBC - Could not safely identify store assignment for repository candidate interface com.challengetwo.salesmanagementsystem.clientmanagement.repository.UserRepository; If you want this repository to be a JDBC repository, consider annotating your entities with one of these annotations: org.springframework.data.relational.core.mapping.Table.
2024-04-21T02:14:06.042+01:00  INFO 25540 --- [main] .RepositoryConfigurationExtensionSupport : Spring Data JDBC - Could not safely identify store assignment for repository candidate interface com.challengetwo.salesmanagementsystem.productmanagement.repository.ProductRepository; If you want this repository to be a JDBC repository, consider annotating your entities with one of these annotations: org.springframework.data.relational.core.mapping.Table.
2024-04-21T02:14:06.048+01:00  INFO 25540 --- [main] .RepositoryConfigurationExtensionSupport : Spring Data JDBC - Could not safely identify store assignment for repository candidate interface com.challengetwo.salesmanagementsystem.salesmanagement.repository.SalesRepository; If you want this repository to be a JDBC repository, consider annotating your entities with one of these annotations: org.springframework.data.relational.core.mapping.Table.
2024-04-21T02:14:06.052+01:00  INFO 25540 --- [main] .RepositoryConfigurationExtensionSupport : Spring Data JDBC - Could not safely identify store assignment for repository candidate interface com.challengetwo.salesmanagementsystem.salesmanagement.repository.TransactionRepository; If you want this repository to be a JDBC repository, consider annotating your entities with one of these annotations: org.springframework.data.relational.core.mapping.Table.
2024-04-21T02:14:06.055+01:00  INFO 25540 --- [main] .s.d.r.c.RepositoryConfigurationDelegate : Finished Spring Data repository scanning in 116 ms. Found 0 JDBC repository interfaces.
2024-04-21T02:14:06.085+01:00  INFO 25540 --- [main] .s.d.r.c.RepositoryConfigurationDelegate : Multiple Spring Data modules found, entering strict repository configuration mode
2024-04-21T02:14:06.087+01:00  INFO 25540 --- [main] .s.d.r.c.RepositoryConfigurationDelegate : Bootstrapping Spring Data JPA repositories in DEFAULT mode.
2024-04-21T02:14:06.260+01:00  INFO 25540 --- [main] .s.d.r.c.RepositoryConfigurationDelegate : Finished Spring Data repository scanning in 161 ms. Found 6 JPA repository interfaces.
2024-04-21T02:14:07.932+01:00  INFO 25540 --- [main] o.hibernate.jpa.internal.util.LogHelper  : HHH000204: Processing PersistenceUnitInfo [name: default]
2024-04-21T02:14:08.100+01:00  INFO 25540 --- [main] org.hibernate.Version                    : HHH000412: Hibernate ORM core version 6.1.7.Final
2024-04-21T02:14:09.052+01:00  INFO 25540 --- [main] com.zaxxer.hikari.HikariDataSource       : HikariPool-1 - Starting...
2024-04-21T02:14:10.000+01:00  INFO 25540 --- [main] com.zaxxer.hikari.pool.HikariPool        : HikariPool-1 - Added connection com.mysql.cj.jdbc.ConnectionImpl@4fa5cc73
2024-04-21T02:14:10.004+01:00  INFO 25540 --- [main] com.zaxxer.hikari.HikariDataSource       : HikariPool-1 - Start completed.
2024-04-21T02:14:10.047+01:00  INFO 25540 --- [main] SQL dialect                              : HHH000400: Using dialect: org.hibernate.dialect.MySQL8Dialect
2024-04-21T02:14:10.051+01:00  WARN 25540 --- [main] org.hibernate.orm.deprecation            : HHH90000026: MySQL8Dialect has been deprecated; use org.hibernate.dialect.MySQLDialect instead
2024-04-21T02:14:13.076+01:00  INFO 25540 --- [main] o.h.e.t.j.p.i.JtaPlatformInitiator       : HHH000490: Using JtaPlatform implementation: [org.hibernate.engine.transaction.jta.platform.internal.NoJtaPlatform]
2024-04-21T02:14:13.100+01:00  INFO 25540 --- [main] j.LocalContainerEntityManagerFactoryBean : Initialized JPA EntityManagerFactory for persistence unit 'default'
2024-04-21T02:14:15.321+01:00  WARN 25540 --- [main] JpaBaseConfiguration$JpaWebConfiguration : spring.jpa.open-in-view is enabled by default. Therefore, database queries may be performed during view rendering. Explicitly configure spring.jpa.open-in-view to disable this warning
2024-04-21T02:14:15.965+01:00  INFO 25540 --- [main] o.s.s.web.DefaultSecurityFilterChain     : Will secure any request with [org.springframework.security.web.session.DisableEncodeUrlFilter@7861a433, org.springframework.security.web.context.request.async.WebAsyncManagerIntegrationFilter@f2e28c7, org.springframework.security.web.context.SecurityContextHolderFilter@16908f89, org.springframework.security.web.header.HeaderWriterFilter@4487dce, org.springframework.security.web.authentication.logout.LogoutFilter@340ef431, com.challengetwo.salesmanagementsystem.security.JwtFilter@2c3f81ef, org.springframework.security.web.savedrequest.RequestCacheAwareFilter@33cee31a, org.springframework.security.web.servletapi.SecurityContextHolderAwareRequestFilter@e9fa0ea, org.springframework.security.web.authentication.AnonymousAuthenticationFilter@494e7290, org.springframework.security.web.session.SessionManagementFilter@4e60925d, org.springframework.security.web.access.ExceptionTranslationFilter@3f8090db, org.springframework.security.web.access.intercept.AuthorizationFilter@228c854f]
2024-04-21T02:14:16.707+01:00  INFO 25540 --- [main] c.c.s.r.service.ReportServiceImplTest    : Started ReportServiceImplTest in 13.89 seconds (process running for 16.537)
2024-04-21T02:14:17.136+01:00  INFO 25540 --- [main] c.c.s.loggingandauditing.LoggingAspect   : Method invoked : ClassName = class com.challengetwo.salesmanagementsystem.reporting.service.ReportServiceImpl: MethodName = generateClientReport: methodArguments = []
2024-04-21T02:14:17.307+01:00  INFO 25540 --- [main] c.c.s.loggingandauditing.LoggingAspect   : Method invoked : ClassName = class com.challengetwo.salesmanagementsystem.reporting.service.ReportServiceImpl: MethodName = generateClientReport: methodResponse = ClientReportResponse(totalClients=4, topSpendingClients=[com.challengetwo.salesmanagementsystem.reporting.dto.request.UserDTO@721384e0, com.challengetwo.salesmanagementsystem.reporting.dto.request.UserDTO@a15e4fd, com.challengetwo.salesmanagementsystem.reporting.dto.request.UserDTO@515c3dd2], clientActivity={04-2024=9}, clientLocationStatistics={null=4})
2024-04-21T02:14:17.355+01:00  INFO 25540 --- [SpringApplicationShutdownHook] j.LocalContainerEntityManagerFactoryBean : Closing JPA EntityManagerFactory for persistence unit 'default'
2024-04-21T02:14:17.360+01:00  INFO 25540 --- [SpringApplicationShutdownHook] com.zaxxer.hikari.HikariDataSource       : HikariPool-1 - Shutdown initiated...
2024-04-21T02:14:17.377+01:00  INFO 25540 --- [SpringApplicationShutdownHook] com.zaxxer.hikari.HikariDataSource       : HikariPool-1 - Shutdown completed.
